[ROUND 1] ampproject.org - Exit Code: 1
[ROUND 1] amazonalexa.com - Exit Code: 1
[ROUND 1] apple.com - Exit Code: 1
[ROUND 1] ampproject.org - Exit Code: 1
[ROUND 1] amazonalexa.com - Exit Code: 1
[ROUND 1] azure.com - Exit Code: 1
[ROUND 1] apple.com - Exit Code: 1
[ROUND 1] cloud.microsoft - Exit Code: 1
[ROUND 1] bing.com - Exit Code: 1
[ROUND 1] branch.io - Exit Code: 1
[ROUND 1] casalemedia.com - Exit Code: 1
[ROUND 1] eye4.cn - Exit Code: 1
[ROUND 1] epicgames.com - Exit Code: 1
[ROUND 1] fastly.net - Exit Code: 1
[ROUND 1] ipify.org - Exit Code: 1
[ROUND 1] live.com - Exit Code: 1
[ROUND 1] mzstatic.com - Exit Code: 1
[ROUND 1] mozilla.com - Exit Code: 1
[ROUND 1] office365.com - Exit Code: 1
[ROUND 1] pubmatic.com - Exit Code: 1
[ROUND 1] qq.com - Exit Code: 1
[ROUND 1] mail.ru - Exit Code: 1
[ROUND 1] scorecardresearch.com - Exit Code: 1
[ROUND 1] skype.com - Exit Code: 1
[ROUND 1] rubiconproject.com - Exit Code: 1
[ROUND 1] sharepoint.com - Exit Code: 1
[ROUND 1] smartadserver.com - Exit Code: 1
[ROUND 1] spotify.com - Exit Code: 1
[ROUND 1] roblox.com - Exit Code: 1
[ROUND 1] xiaomi.com - Exit Code: 1
[ROUND 1] windows.com - Exit Code: 1
[ROUND 1] yahoo.com - Exit Code: 1
[ROUND 1] yandex.ru - Exit Code: 1
[ROUND 2] ampproject.org - Exit Code: 1
[ROUND 2] amazonalexa.com - Exit Code: 1
[ROUND 2] apple.com - Exit Code: 1
[ROUND 2] azure.com - Exit Code: 1
[ROUND 2] cloud.microsoft - Exit Code: 1
[ROUND 2] bing.com - Exit Code: 1
[ROUND 2] branch.io - Exit Code: 1
[ROUND 2] epicgames.com - Exit Code: 1
[ROUND 2] eye4.cn - Exit Code: 1
[ROUND 2] casalemedia.com - Exit Code: 1
[ROUND 2] fastly.net - Exit Code: 1
[ROUND 2] ipify.org - Exit Code: 1
[ROUND 2] mzstatic.com - Exit Code: 1
[ROUND 2] live.com - Exit Code: 1
[ROUND 2] mozilla.com - Exit Code: 1
[ROUND 2] office365.com - Exit Code: 1
[ROUND 2] pubmatic.com - Exit Code: 1
[ROUND 2] qq.com - Exit Code: 1
[ROUND 2] mail.ru - Exit Code: 1
[ROUND 2] scorecardresearch.com - Exit Code: 1
[ROUND 2] rubiconproject.com - Exit Code: 1
[ROUND 2] skype.com - Exit Code: 1
[ROUND 2] sharepoint.com - Exit Code: 1
[ROUND 2] smartadserver.com - Exit Code: 1
[ROUND 2] spotify.com - Exit Code: 1
[ROUND 2] xiaomi.com - Exit Code: 1
[ROUND 2] roblox.com - Exit Code: 1
[ROUND 2] yandex.ru - Exit Code: 1
[ROUND 2] windows.com - Exit Code: 1
[ROUND 2] yahoo.com - Exit Code: 1
[ROUND 3] ampproject.org - Exit Code: 1
[ROUND 3] amazonalexa.com - Exit Code: 1
[ROUND 3] azure.com - Exit Code: 1
[ROUND 3] apple.com - Exit Code: 1
[ROUND 3] cloud.microsoft - Exit Code: 1
[ROUND 3] bing.com - Exit Code: 1
[ROUND 3] branch.io - Exit Code: 1
[ROUND 3] casalemedia.com - Exit Code: 1
[ROUND 3] eye4.cn - Exit Code: 1
[ROUND 3] epicgames.com - Exit Code: 1
[ROUND 3] fastly.net - Exit Code: 1
[ROUND 3] ipify.org - Exit Code: 1
[ROUND 3] mozilla.com - Exit Code: 1
[ROUND 3] mzstatic.com - Exit Code: 1
[ROUND 3] live.com - Exit Code: 1
[ROUND 3] office365.com - Exit Code: 1
[ROUND 3] pubmatic.com - Exit Code: 1
[ROUND 3] qq.com - Exit Code: 1
[ROUND 3] mail.ru - Exit Code: 1
[ROUND 3] rubiconproject.com - Exit Code: 1
[ROUND 3] scorecardresearch.com - Exit Code: 1
[ROUND 3] skype.com - Exit Code: 1
[ROUND 3] sharepoint.com - Exit Code: 1
[ROUND 3] smartadserver.com - Exit Code: 1
[ROUND 3] spotify.com - Exit Code: 1
[ROUND 3] roblox.com - Exit Code: 1
[ROUND 3] yahoo.com - Exit Code: 1
[ROUND 3] xiaomi.com - Exit Code: 1
[ROUND 3] windows.com - Exit Code: 1
[ROUND 3] yandex.ru - Exit Code: 1
[ROUND 4] ampproject.org - Exit Code: 1
[ROUND 4] apple.com - Exit Code: 1
[ROUND 4] azure.com - Exit Code: 1
[ROUND 4] amazonalexa.com - Exit Code: 1
[ROUND 4] cloud.microsoft - Exit Code: 1
[ROUND 4] bing.com - Exit Code: 1
[ROUND 4] branch.io - Exit Code: 1
[ROUND 4] casalemedia.com - Exit Code: 1
[ROUND 4] eye4.cn - Exit Code: 1
[ROUND 4] epicgames.com - Exit Code: 1
[ROUND 4] fastly.net - Exit Code: 1
[ROUND 4] ipify.org - Exit Code: 1
[ROUND 4] mzstatic.com - Exit Code: 1
[ROUND 4] live.com - Exit Code: 1
[ROUND 4] office365.com - Exit Code: 1
[ROUND 4] mozilla.com - Exit Code: 1
[ROUND 4] pubmatic.com - Exit Code: 1
[ROUND 4] qq.com - Exit Code: 1
[ROUND 4] scorecardresearch.com - Exit Code: 1
[ROUND 4] mail.ru - Exit Code: 1
[ROUND 4] rubiconproject.com - Exit Code: 1
[ROUND 4] skype.com - Exit Code: 1
[ROUND 4] sharepoint.com - Exit Code: 1
[ROUND 4] smartadserver.com - Exit Code: 1
[ROUND 4] spotify.com - Exit Code: 1
[ROUND 4] xiaomi.com - Exit Code: 1
[ROUND 4] roblox.com - Exit Code: 1
[ROUND 4] windows.com - Exit Code: 1
[ROUND 4] yahoo.com - Exit Code: 1
[ROUND 5] amazonalexa.com - Exit Code: 1
[ROUND 5] ampproject.org - Exit Code: 1
[ROUND 5] azure.com - Exit Code: 1
[ROUND 5] apple.com - Exit Code: 1
[ROUND 5] branch.io - Exit Code: 1
[ROUND 5] cloud.microsoft - Exit Code: 1
[ROUND 5] bing.com - Exit Code: 1
[ROUND 5] casalemedia.com - Exit Code: 1
[ROUND 5] eye4.cn - Exit Code: 1
[ROUND 5] epicgames.com - Exit Code: 1
[ROUND 5] fastly.net - Exit Code: 1
[ROUND 5] ipify.org - Exit Code: 1
[ROUND 5] mzstatic.com - Exit Code: 1
[ROUND 5] live.com - Exit Code: 1
[ROUND 5] mozilla.com - Exit Code: 1
[ROUND 5] office365.com - Exit Code: 1
[ROUND 5] pubmatic.com - Exit Code: 1
[ROUND 5] qq.com - Exit Code: 1
[ROUND 5] mail.ru - Exit Code: 1
[ROUND 5] scorecardresearch.com - Exit Code: 1
[ROUND 5] spotify.com - Exit Code: 1
[ROUND 5] rubiconproject.com - Exit Code: 1
[ROUND 5] skype.com - Exit Code: 1
[ROUND 5] sharepoint.com - Exit Code: 1
[ROUND 5] smartadserver.com - Exit Code: 1
[ROUND 5] xiaomi.com - Exit Code: 1
[ROUND 5] yahoo.com - Exit Code: 1
[ROUND 5] roblox.com - Exit Code: 1
[ROUND 5] windows.com - Exit Code: 1
[ROUND 5] yandex.ru - Exit Code: 1
[ROUND 6] amazonalexa.com - Exit Code: 1
[ROUND 6] ampproject.org - Exit Code: 1
[ROUND 6] azure.com - Exit Code: 1
[ROUND 6] apple.com - Exit Code: 1
[ROUND 6] cloud.microsoft - Exit Code: 1
[ROUND 6] bing.com - Exit Code: 1
[ROUND 6] branch.io - Exit Code: 1
[ROUND 6] casalemedia.com - Exit Code: 1
[ROUND 6] eye4.cn - Exit Code: 1
[ROUND 6] epicgames.com - Exit Code: 1
[ROUND 6] fastly.net - Exit Code: 1
[ROUND 6] ipify.org - Exit Code: 1
[ROUND 6] live.com - Exit Code: 1
[ROUND 6] mzstatic.com - Exit Code: 1
[ROUND 6] office365.com - Exit Code: 1
[ROUND 6] mozilla.com - Exit Code: 1
[ROUND 6] pubmatic.com - Exit Code: 1
[ROUND 6] qq.com - Exit Code: 1
[ROUND 6] rubiconproject.com - Exit Code: 1
[ROUND 6] scorecardresearch.com - Exit Code: 1
[ROUND 6] skype.com - Exit Code: 1
[ROUND 6] mail.ru - Exit Code: 1
[ROUND 6] sharepoint.com - Exit Code: 1
[ROUND 6] smartadserver.com - Exit Code: 1
[ROUND 6] spotify.com - Exit Code: 1
[ROUND 6] roblox.com - Exit Code: 1
[ROUND 6] xiaomi.com - Exit Code: 1
[ROUND 6] windows.com - Exit Code: 1
[ROUND 6] yahoo.com - Exit Code: 1
[ROUND 6] yandex.ru - Exit Code: 1
[ROUND 7] ampproject.org - Exit Code: 1
[ROUND 7] amazonalexa.com - Exit Code: 1
[ROUND 7] azure.com - Exit Code: 1
[ROUND 7] apple.com - Exit Code: 1
[ROUND 7] branch.io - Exit Code: 1
[ROUND 7] cloud.microsoft - Exit Code: 1
[ROUND 7] bing.com - Exit Code: 1
[ROUND 7] eye4.cn - Exit Code: 1
[ROUND 7] epicgames.com - Exit Code: 1
[ROUND 7] casalemedia.com - Exit Code: 1
[ROUND 7] fastly.net - Exit Code: 1
[ROUND 7] ipify.org - Exit Code: 1
[ROUND 7] live.com - Exit Code: 1
[ROUND 7] mzstatic.com - Exit Code: 1
[ROUND 7] mozilla.com - Exit Code: 1
[ROUND 7] office365.com - Exit Code: 1
[ROUND 7] pubmatic.com - Exit Code: 1
[ROUND 7] qq.com - Exit Code: 1
[ROUND 7] mail.ru - Exit Code: 1
[ROUND 7] scorecardresearch.com - Exit Code: 1
[ROUND 7] rubiconproject.com - Exit Code: 1
[ROUND 7] skype.com - Exit Code: 1
[ROUND 7] sharepoint.com - Exit Code: 1
[ROUND 7] smartadserver.com - Exit Code: 1
[ROUND 7] spotify.com - Exit Code: 1
[ROUND 7] roblox.com - Exit Code: 1
[ROUND 7] xiaomi.com - Exit Code: 1
[ROUND 7] windows.com - Exit Code: 1
[ROUND 7] yahoo.com - Exit Code: 1
[ROUND 7] yandex.ru - Exit Code: 1
[ROUND 8] amazonalexa.com - Exit Code: 1
[ROUND 8] ampproject.org - Exit Code: 1
[ROUND 8] azure.com - Exit Code: 1
[ROUND 8] apple.com - Exit Code: 1
[ROUND 8] cloud.microsoft - Exit Code: 1
[ROUND 8] bing.com - Exit Code: 1
[ROUND 8] branch.io - Exit Code: 1
[ROUND 8] casalemedia.com - Exit Code: 1
[ROUND 8] applovin.com - Exit Code: 1
[ROUND 8] eye4.cn - Exit Code: 1
[ROUND 8] epicgames.com - Exit Code: 1
[ROUND 8] fastly.net - Exit Code: 1
[ROUND 8] ipify.org - Exit Code: 1
[ROUND 8] live.com - Exit Code: 1
[ROUND 8] mzstatic.com - Exit Code: 1
[ROUND 8] mozilla.com - Exit Code: 1
[ROUND 8] office365.com - Exit Code: 1
[ROUND 8] mail.ru - Exit Code: 1
[ROUND 8] pubmatic.com - Exit Code: 1
[ROUND 8] scorecardresearch.com - Exit Code: 1
[ROUND 8] qq.com - Exit Code: 1
[ROUND 8] smartadserver.com - Exit Code: 1
[ROUND 8] rubiconproject.com - Exit Code: 1
[ROUND 8] spotify.com - Exit Code: 1
[ROUND 8] skype.com - Exit Code: 1
[ROUND 8] sharepoint.com - Exit Code: 1
[ROUND 8] yahoo.com - Exit Code: 1
[ROUND 8] roblox.com - Exit Code: 1
[ROUND 8] xiaomi.com - Exit Code: 1
[ROUND 8] windows.com - Exit Code: 1
[ROUND 9] ampproject.org - Exit Code: 1
[ROUND 9] amazonalexa.com - Exit Code: 1
[ROUND 9] apple.com - Exit Code: 1
[ROUND 9] azure.com - Exit Code: 1
[ROUND 9] cloud.microsoft - Exit Code: 1
[ROUND 9] bing.com - Exit Code: 1
[ROUND 9] branch.io - Exit Code: 1
[ROUND 9] casalemedia.com - Exit Code: 1
[ROUND 9] epicgames.com - Exit Code: 1
[ROUND 9] eye4.cn - Exit Code: 1
[ROUND 9] fastly.net - Exit Code: 1
[ROUND 9] adobe.io - Exit Code: 137
[ROUND 9] ipify.org - Exit Code: 1
[ROUND 9] mzstatic.com - Exit Code: 1
[ROUND 9] live.com - Exit Code: 1
[ROUND 9] mozilla.com - Exit Code: 1
[ROUND 9] office365.com - Exit Code: 1
[ROUND 9] pubmatic.com - Exit Code: 1
[ROUND 9] qq.com - Exit Code: 1
[ROUND 9] scorecardresearch.com - Exit Code: 1
[ROUND 9] rubiconproject.com - Exit Code: 1
[ROUND 9] skype.com - Exit Code: 1
[ROUND 9] mail.ru - Exit Code: 1
[ROUND 9] sharepoint.com - Exit Code: 1
[ROUND 9] smartadserver.com - Exit Code: 1
[ROUND 9] spotify.com - Exit Code: 1
[ROUND 9] xiaomi.com - Exit Code: 1
[ROUND 9] windows.com - Exit Code: 1
[ROUND 9] roblox.com - Exit Code: 1
[ROUND 9] yahoo.com - Exit Code: 1
[ROUND 9] yandex.ru - Exit Code: 1
[ROUND 10] ampproject.org - Exit Code: 1
[ROUND 10] amazonalexa.com - Exit Code: 1
[ROUND 10] apple.com - Exit Code: 1
[ROUND 10] azure.com - Exit Code: 1
[ROUND 10] cloud.microsoft - Exit Code: 1
[ROUND 10] bing.com - Exit Code: 1
[ROUND 10] branch.io - Exit Code: 1
[ROUND 10] casalemedia.com - Exit Code: 1
[ROUND 10] eye4.cn - Exit Code: 1
[ROUND 10] epicgames.com - Exit Code: 1
[ROUND 10] fastly.net - Exit Code: 1
[ROUND 10] ipify.org - Exit Code: 1
[ROUND 10] live.com - Exit Code: 1
[ROUND 10] mzstatic.com - Exit Code: 1
[ROUND 10] office365.com - Exit Code: 1
[ROUND 10] mozilla.com - Exit Code: 1
[ROUND 10] pubmatic.com - Exit Code: 1
[ROUND 10] scorecardresearch.com - Exit Code: 1
[ROUND 10] qq.com - Exit Code: 1
[ROUND 10] mail.ru - Exit Code: 1
[ROUND 10] rubiconproject.com - Exit Code: 1
[ROUND 10] skype.com - Exit Code: 1
[ROUND 10] sharepoint.com - Exit Code: 1
[ROUND 10] smartadserver.com - Exit Code: 1
[ROUND 10] spotify.com - Exit Code: 1
[ROUND 10] roblox.com - Exit Code: 1
[ROUND 10] xiaomi.com - Exit Code: 1
[ROUND 10] windows.com - Exit Code: 1
[ROUND 10] yahoo.com - Exit Code: 1
[ROUND 10] yandex.ru - Exit Code: 1
[ROUND 11] ampproject.org - Exit Code: 1
[ROUND 11] amazonalexa.com - Exit Code: 1
[ROUND 11] apple.com - Exit Code: 1
[ROUND 11] azure.com - Exit Code: 1
[ROUND 11] cloud.microsoft - Exit Code: 1
[ROUND 11] bing.com - Exit Code: 1
[ROUND 11] branch.io - Exit Code: 1
[ROUND 11] casalemedia.com - Exit Code: 1
[ROUND 11] eye4.cn - Exit Code: 1
[ROUND 11] epicgames.com - Exit Code: 1
[ROUND 11] fastly.net - Exit Code: 1
[ROUND 11] ipify.org - Exit Code: 1
[ROUND 11] live.com - Exit Code: 1
[ROUND 11] mzstatic.com - Exit Code: 1
[ROUND 11] office365.com - Exit Code: 1
[ROUND 11] mozilla.com - Exit Code: 1
[ROUND 11] pubmatic.com - Exit Code: 1
[ROUND 11] scorecardresearch.com - Exit Code: 1
[ROUND 11] qq.com - Exit Code: 1
[ROUND 11] rubiconproject.com - Exit Code: 1
[ROUND 11] skype.com - Exit Code: 1
[ROUND 11] mail.ru - Exit Code: 1
[ROUND 11] smartadserver.com - Exit Code: 1
[ROUND 11] sharepoint.com - Exit Code: 1
[ROUND 11] spotify.com - Exit Code: 1
[ROUND 11] roblox.com - Exit Code: 1
[ROUND 11] windows.com - Exit Code: 1
[ROUND 11] xiaomi.com - Exit Code: 1
[ROUND 11] yahoo.com - Exit Code: 1
[ROUND 11] yandex.ru - Exit Code: 1
[ROUND 11] whatsapp.com - Exit Code: 1
[ROUND 12] amazonalexa.com - Exit Code: 1
[ROUND 12] ampproject.org - Exit Code: 1
[ROUND 12] azure.com - Exit Code: 1
[ROUND 12] apple.com - Exit Code: 1
[ROUND 12] branch.io - Exit Code: 1
[ROUND 12] cloud.microsoft - Exit Code: 1
[ROUND 12] bing.com - Exit Code: 1
[ROUND 12] casalemedia.com - Exit Code: 1
[ROUND 12] eye4.cn - Exit Code: 1
[ROUND 12] epicgames.com - Exit Code: 1
[ROUND 12] fastly.net - Exit Code: 1
[ROUND 12] live.com - Exit Code: 1
[ROUND 12] ipify.org - Exit Code: 1
[ROUND 12] mzstatic.com - Exit Code: 1
[ROUND 12] office365.com - Exit Code: 1
[ROUND 12] mozilla.com - Exit Code: 1
[ROUND 12] pubmatic.com - Exit Code: 1
[ROUND 12] qq.com - Exit Code: 1
[ROUND 12] scorecardresearch.com - Exit Code: 1
[ROUND 12] rubiconproject.com - Exit Code: 1
[ROUND 12] skype.com - Exit Code: 1
[ROUND 12] mail.ru - Exit Code: 1
[ROUND 12] sharepoint.com - Exit Code: 1
[ROUND 12] smartadserver.com - Exit Code: 1
[ROUND 12] spotify.com - Exit Code: 1
[ROUND 12] roblox.com - Exit Code: 1
[ROUND 12] windows.com - Exit Code: 1
[ROUND 12] yahoo.com - Exit Code: 1
[ROUND 12] xiaomi.com - Exit Code: 1
[ROUND 12] yandex.ru - Exit Code: 1
[ROUND 13] ampproject.org - Exit Code: 1
[ROUND 13] amazonalexa.com - Exit Code: 1
[ROUND 13] azure.com - Exit Code: 1
[ROUND 13] branch.io - Exit Code: 1
[ROUND 13] apple.com - Exit Code: 1
[ROUND 13] cloud.microsoft - Exit Code: 1
[ROUND 13] bing.com - Exit Code: 1
[ROUND 13] casalemedia.com - Exit Code: 1
[ROUND 13] eye4.cn - Exit Code: 1
[ROUND 13] epicgames.com - Exit Code: 1
[ROUND 13] fastly.net - Exit Code: 1
[ROUND 13] mozilla.com - Exit Code: 1
[ROUND 13] ipify.org - Exit Code: 1
[ROUND 13] live.com - Exit Code: 1
[ROUND 13] mzstatic.com - Exit Code: 1
[ROUND 13] office365.com - Exit Code: 1
[ROUND 13] pubmatic.com - Exit Code: 1
[ROUND 13] qq.com - Exit Code: 1
[ROUND 13] scorecardresearch.com - Exit Code: 1
[ROUND 13] rubiconproject.com - Exit Code: 1
[ROUND 13] skype.com - Exit Code: 1
[ROUND 13] sharepoint.com - Exit Code: 1
[ROUND 13] smartadserver.com - Exit Code: 1
[ROUND 13] mail.ru - Exit Code: 1
[ROUND 13] roblox.com - Exit Code: 1
[ROUND 13] spotify.com - Exit Code: 1
[ROUND 13] xiaomi.com - Exit Code: 1
[ROUND 13] windows.com - Exit Code: 1
[ROUND 13] yahoo.com - Exit Code: 1
[ROUND 13] yandex.ru - Exit Code: 1
[ROUND 14] ampproject.org - Exit Code: 1
[ROUND 14] amazonalexa.com - Exit Code: 1
[ROUND 14] azure.com - Exit Code: 1
[ROUND 14] branch.io - Exit Code: 1
[ROUND 14] apple.com - Exit Code: 1
[ROUND 14] bing.com - Exit Code: 1
[ROUND 14] casalemedia.com - Exit Code: 1
[ROUND 14] cloud.microsoft - Exit Code: 1
[ROUND 14] eye4.cn - Exit Code: 1
[ROUND 14] epicgames.com - Exit Code: 1
[ROUND 14] fastly.net - Exit Code: 1
[ROUND 14] ipify.org - Exit Code: 1
[ROUND 14] live.com - Exit Code: 1
[ROUND 14] mzstatic.com - Exit Code: 1
[ROUND 14] mozilla.com - Exit Code: 1
[ROUND 14] office365.com - Exit Code: 1
[ROUND 14] pubmatic.com - Exit Code: 1
[ROUND 14] qq.com - Exit Code: 1
[ROUND 14] scorecardresearch.com - Exit Code: 1
[ROUND 14] rubiconproject.com - Exit Code: 1
[ROUND 14] skype.com - Exit Code: 1
[ROUND 14] mail.ru - Exit Code: 1
[ROUND 14] sharepoint.com - Exit Code: 1
[ROUND 14] smartadserver.com - Exit Code: 1
[ROUND 14] spotify.com - Exit Code: 1
[ROUND 14] roblox.com - Exit Code: 1
[ROUND 14] xiaomi.com - Exit Code: 1
[ROUND 14] windows.com - Exit Code: 1
[ROUND 14] yahoo.com - Exit Code: 1
[ROUND 14] yandex.ru - Exit Code: 1
[ROUND 15] ampproject.org - Exit Code: 1
[ROUND 15] amazonalexa.com - Exit Code: 1
[ROUND 15] apple.com - Exit Code: 1
[ROUND 15] azure.com - Exit Code: 1
[ROUND 15] cloud.microsoft - Exit Code: 1
[ROUND 15] bing.com - Exit Code: 1
[ROUND 15] branch.io - Exit Code: 1
[ROUND 15] casalemedia.com - Exit Code: 1
[ROUND 15] eye4.cn - Exit Code: 1
[ROUND 15] epicgames.com - Exit Code: 1
[ROUND 15] fastly.net - Exit Code: 1
[ROUND 15] ipify.org - Exit Code: 1
[ROUND 15] live.com - Exit Code: 1
[ROUND 15] mzstatic.com - Exit Code: 1
[ROUND 15] mozilla.com - Exit Code: 1
[ROUND 15] office365.com - Exit Code: 1
[ROUND 15] pubmatic.com - Exit Code: 1
[ROUND 15] qq.com - Exit Code: 1
[ROUND 15] scorecardresearch.com - Exit Code: 1
[ROUND 15] mail.ru - Exit Code: 1
[ROUND 15] rubiconproject.com - Exit Code: 1
[ROUND 15] skype.com - Exit Code: 1
[ROUND 15] smartadserver.com - Exit Code: 1
[ROUND 15] sharepoint.com - Exit Code: 1
[ROUND 15] spotify.com - Exit Code: 1
[ROUND 15] xiaomi.com - Exit Code: 1
[ROUND 15] roblox.com - Exit Code: 1
[ROUND 15] yahoo.com - Exit Code: 1
[ROUND 15] windows.com - Exit Code: 1
[ROUND 15] yandex.ru - Exit Code: 1
[ROUND 16] ampproject.org - Exit Code: 1
[ROUND 16] amazonalexa.com - Exit Code: 1
[ROUND 16] azure.com - Exit Code: 1
[ROUND 16] apple.com - Exit Code: 1
[ROUND 16] cloud.microsoft - Exit Code: 1
[ROUND 16] bing.com - Exit Code: 1
[ROUND 16] branch.io - Exit Code: 1
[ROUND 16] casalemedia.com - Exit Code: 1
[ROUND 16] eye4.cn - Exit Code: 1
[ROUND 16] epicgames.com - Exit Code: 1
[ROUND 16] fastly.net - Exit Code: 1
[ROUND 16] ipify.org - Exit Code: 1
[ROUND 16] live.com - Exit Code: 1
[ROUND 16] mzstatic.com - Exit Code: 1
[ROUND 16] mozilla.com - Exit Code: 1
[ROUND 16] office365.com - Exit Code: 1
[ROUND 16] pubmatic.com - Exit Code: 1
[ROUND 16] scorecardresearch.com - Exit Code: 1
[ROUND 16] rubiconproject.com - Exit Code: 1
[ROUND 16] skype.com - Exit Code: 1
[ROUND 16] mail.ru - Exit Code: 1
[ROUND 16] qq.com - Exit Code: 1
[ROUND 16] sharepoint.com - Exit Code: 1
[ROUND 16] smartadserver.com - Exit Code: 1
[ROUND 16] spotify.com - Exit Code: 1
[ROUND 16] roblox.com - Exit Code: 1
[ROUND 16] xiaomi.com - Exit Code: 1
[ROUND 16] windows.com - Exit Code: 1
[ROUND 16] yahoo.com - Exit Code: 1
[ROUND 16] yandex.ru - Exit Code: 1
[ROUND 17] ampproject.org - Exit Code: 1
[ROUND 17] amazonalexa.com - Exit Code: 1
[ROUND 17] azure.com - Exit Code: 1
[ROUND 17] apple.com - Exit Code: 1
[ROUND 17] branch.io - Exit Code: 1
[ROUND 17] cloud.microsoft - Exit Code: 1
[ROUND 17] bing.com - Exit Code: 1
[ROUND 17] casalemedia.com - Exit Code: 1
[ROUND 17] eye4.cn - Exit Code: 1
[ROUND 17] epicgames.com - Exit Code: 1
[ROUND 17] fastly.net - Exit Code: 1
[ROUND 17] ipify.org - Exit Code: 1
[ROUND 17] mzstatic.com - Exit Code: 1
[ROUND 17] live.com - Exit Code: 1
[ROUND 17] office365.com - Exit Code: 1
[ROUND 17] mozilla.com - Exit Code: 1
[ROUND 17] pubmatic.com - Exit Code: 1
[ROUND 17] qq.com - Exit Code: 1
[ROUND 17] scorecardresearch.com - Exit Code: 1
[ROUND 17] rubiconproject.com - Exit Code: 1
[ROUND 17] skype.com - Exit Code: 1
[ROUND 17] mail.ru - Exit Code: 1
[ROUND 17] smartadserver.com - Exit Code: 1
[ROUND 17] sharepoint.com - Exit Code: 1
[ROUND 17] spotify.com - Exit Code: 1
[ROUND 17] roblox.com - Exit Code: 1
[ROUND 17] windows.com - Exit Code: 1
[ROUND 17] xiaomi.com - Exit Code: 1
[ROUND 17] yahoo.com - Exit Code: 1
[ROUND 18] ampproject.org - Exit Code: 1
[ROUND 18] amazonalexa.com - Exit Code: 1
[ROUND 18] azure.com - Exit Code: 1
[ROUND 18] apple.com - Exit Code: 1
[ROUND 18] cloud.microsoft - Exit Code: 1
[ROUND 18] bing.com - Exit Code: 1
[ROUND 18] branch.io - Exit Code: 1
[ROUND 18] casalemedia.com - Exit Code: 1
[ROUND 18] epicgames.com - Exit Code: 1
[ROUND 18] eye4.cn - Exit Code: 1
[ROUND 18] fastly.net - Exit Code: 1
[ROUND 18] mozilla.com - Exit Code: 1
[ROUND 18] ipify.org - Exit Code: 1
[ROUND 18] live.com - Exit Code: 1
[ROUND 18] mzstatic.com - Exit Code: 1
[ROUND 18] office365.com - Exit Code: 1
[ROUND 18] pubmatic.com - Exit Code: 1
[ROUND 18] qq.com - Exit Code: 1
[ROUND 18] scorecardresearch.com - Exit Code: 1
[ROUND 18] mail.ru - Exit Code: 1
[ROUND 18] rubiconproject.com - Exit Code: 1
[ROUND 18] smartadserver.com - Exit Code: 1
[ROUND 18] skype.com - Exit Code: 1
[ROUND 18] spotify.com - Exit Code: 1
[ROUND 18] sharepoint.com - Exit Code: 1
[ROUND 18] roblox.com - Exit Code: 1
[ROUND 18] yahoo.com - Exit Code: 1
[ROUND 18] yandex.ru - Exit Code: 1
[ROUND 18] windows.com - Exit Code: 1
[ROUND 18] xiaomi.com - Exit Code: 1
[ROUND 19] ampproject.org - Exit Code: 1
[ROUND 19] amazonalexa.com - Exit Code: 1
[ROUND 19] azure.com - Exit Code: 1
[ROUND 19] apple.com - Exit Code: 1
[ROUND 19] cloud.microsoft - Exit Code: 1
[ROUND 19] bing.com - Exit Code: 1
[ROUND 19] branch.io - Exit Code: 1
[ROUND 19] casalemedia.com - Exit Code: 1
[ROUND 19] eye4.cn - Exit Code: 1
[ROUND 19] epicgames.com - Exit Code: 1
[ROUND 19] fastly.net - Exit Code: 1
[ROUND 19] ipify.org - Exit Code: 1
[ROUND 19] mzstatic.com - Exit Code: 1
[ROUND 19] live.com - Exit Code: 1
[ROUND 19] office365.com - Exit Code: 1
[ROUND 19] mozilla.com - Exit Code: 1
[ROUND 19] pubmatic.com - Exit Code: 1
[ROUND 19] qq.com - Exit Code: 1
[ROUND 19] scorecardresearch.com - Exit Code: 1
[ROUND 19] mail.ru - Exit Code: 1
[ROUND 19] rubiconproject.com - Exit Code: 1
[ROUND 19] skype.com - Exit Code: 1
[ROUND 19] sharepoint.com - Exit Code: 1
[ROUND 19] smartadserver.com - Exit Code: 1
[ROUND 19] spotify.com - Exit Code: 1
[ROUND 19] xiaomi.com - Exit Code: 1
[ROUND 19] roblox.com - Exit Code: 1
[ROUND 19] windows.com - Exit Code: 1
[ROUND 19] yahoo.com - Exit Code: 1
[ROUND 19] yandex.ru - Exit Code: 1
[ROUND 20] ampproject.org - Exit Code: 1
[ROUND 20] amazonalexa.com - Exit Code: 1
[ROUND 20] azure.com - Exit Code: 1
[ROUND 20] branch.io - Exit Code: 1
[ROUND 20] apple.com - Exit Code: 1
[ROUND 20] cloud.microsoft - Exit Code: 1
[ROUND 20] bing.com - Exit Code: 1
[ROUND 20] casalemedia.com - Exit Code: 1
[ROUND 20] eye4.cn - Exit Code: 1
[ROUND 20] epicgames.com - Exit Code: 1
[ROUND 20] fastly.net - Exit Code: 1
[ROUND 20] ipify.org - Exit Code: 1
[ROUND 20] live.com - Exit Code: 1
[ROUND 20] mzstatic.com - Exit Code: 1
[ROUND 20] mozilla.com - Exit Code: 1
[ROUND 20] office365.com - Exit Code: 1
[ROUND 20] pubmatic.com - Exit Code: 1
[ROUND 20] qq.com - Exit Code: 1
[ROUND 20] scorecardresearch.com - Exit Code: 1
[ROUND 20] rubiconproject.com - Exit Code: 1
[ROUND 20] skype.com - Exit Code: 1
[ROUND 20] mail.ru - Exit Code: 1
[ROUND 20] smartadserver.com - Exit Code: 1
[ROUND 20] sharepoint.com - Exit Code: 1
[ROUND 20] spotify.com - Exit Code: 1
[ROUND 20] roblox.com - Exit Code: 1
[ROUND 20] windows.com - Exit Code: 1
[ROUND 20] xiaomi.com - Exit Code: 1
[ROUND 20] yahoo.com - Exit Code: 1
[ROUND 20] yandex.ru - Exit Code: 1
[ROUND 21] ampproject.org - Exit Code: 1
[ROUND 21] amazonalexa.com - Exit Code: 1
[ROUND 21] apple.com - Exit Code: 1
[ROUND 21] azure.com - Exit Code: 1
[ROUND 21] cloud.microsoft - Exit Code: 1
[ROUND 21] bing.com - Exit Code: 1
[ROUND 21] branch.io - Exit Code: 1
[ROUND 21] casalemedia.com - Exit Code: 1
[ROUND 21] epicgames.com - Exit Code: 1
[ROUND 21] eye4.cn - Exit Code: 1
[ROUND 21] fastly.net - Exit Code: 1
[ROUND 21] ipify.org - Exit Code: 1
[ROUND 21] mzstatic.com - Exit Code: 1
[ROUND 21] live.com - Exit Code: 1
[ROUND 21] office365.com - Exit Code: 1
[ROUND 21] mozilla.com - Exit Code: 1
[ROUND 21] pubmatic.com - Exit Code: 1
[ROUND 21] qq.com - Exit Code: 1
[ROUND 21] scorecardresearch.com - Exit Code: 1
[ROUND 21] rubiconproject.com - Exit Code: 1
[ROUND 21] skype.com - Exit Code: 1
[ROUND 21] mail.ru - Exit Code: 1
[ROUND 21] sharepoint.com - Exit Code: 1
[ROUND 21] spotify.com - Exit Code: 1
[ROUND 21] roblox.com - Exit Code: 1
[ROUND 21] smartadserver.com - Exit Code: 1
[ROUND 21] xiaomi.com - Exit Code: 1
[ROUND 21] windows.com - Exit Code: 1
[ROUND 21] yahoo.com - Exit Code: 1
[ROUND 21] yandex.ru - Exit Code: 1
[ROUND 22] ampproject.org - Exit Code: 1
[ROUND 22] amazonalexa.com - Exit Code: 1
[ROUND 22] azure.com - Exit Code: 1
[ROUND 22] apple.com - Exit Code: 1
[ROUND 22] cloud.microsoft - Exit Code: 1
[ROUND 22] bing.com - Exit Code: 1
[ROUND 22] branch.io - Exit Code: 1
[ROUND 22] casalemedia.com - Exit Code: 1
[ROUND 22] eye4.cn - Exit Code: 1
[ROUND 22] epicgames.com - Exit Code: 1
[ROUND 22] fastly.net - Exit Code: 1
[ROUND 22] ipify.org - Exit Code: 1
[ROUND 22] live.com - Exit Code: 1
[ROUND 22] mzstatic.com - Exit Code: 1
[ROUND 22] office365.com - Exit Code: 1
[ROUND 22] mozilla.com - Exit Code: 1
[ROUND 22] pubmatic.com - Exit Code: 1
[ROUND 22] qq.com - Exit Code: 1
[ROUND 22] scorecardresearch.com - Exit Code: 1
[ROUND 22] rubiconproject.com - Exit Code: 1
[ROUND 22] skype.com - Exit Code: 1
[ROUND 22] mail.ru - Exit Code: 1
[ROUND 22] sharepoint.com - Exit Code: 1
[ROUND 22] smartadserver.com - Exit Code: 1
[ROUND 22] spotify.com - Exit Code: 1
[ROUND 22] roblox.com - Exit Code: 1
[ROUND 22] xiaomi.com - Exit Code: 1
[ROUND 22] windows.com - Exit Code: 1
[ROUND 22] yahoo.com - Exit Code: 1
[ROUND 23] ampproject.org - Exit Code: 1
[ROUND 23] amazonalexa.com - Exit Code: 1
[ROUND 23] apple.com - Exit Code: 1
[ROUND 23] azure.com - Exit Code: 1
[ROUND 23] cloud.microsoft - Exit Code: 1
[ROUND 23] bing.com - Exit Code: 1
[ROUND 23] branch.io - Exit Code: 1
[ROUND 23] casalemedia.com - Exit Code: 1
[ROUND 23] eye4.cn - Exit Code: 1
[ROUND 23] epicgames.com - Exit Code: 1
[ROUND 23] baidu.com - Exit Code: 1
[ROUND 23] fastly.net - Exit Code: 1
[ROUND 23] ipify.org - Exit Code: 1
[ROUND 23] mzstatic.com - Exit Code: 1
[ROUND 23] live.com - Exit Code: 1
[ROUND 23] office365.com - Exit Code: 1
[ROUND 23] mozilla.com - Exit Code: 1
[ROUND 23] pubmatic.com - Exit Code: 1
[ROUND 23] qq.com - Exit Code: 1
[ROUND 23] scorecardresearch.com - Exit Code: 1
[ROUND 23] rubiconproject.com - Exit Code: 1
[ROUND 23] skype.com - Exit Code: 1
[ROUND 23] mail.ru - Exit Code: 1
[ROUND 23] sharepoint.com - Exit Code: 1
[ROUND 23] smartadserver.com - Exit Code: 1
[ROUND 23] spotify.com - Exit Code: 1
[ROUND 23] roblox.com - Exit Code: 1
[ROUND 23] xiaomi.com - Exit Code: 1
[ROUND 23] windows.com - Exit Code: 1
[ROUND 23] yahoo.com - Exit Code: 1
[ROUND 23] yandex.ru - Exit Code: 1
[ROUND 24] ampproject.org - Exit Code: 1
[ROUND 24] amazonalexa.com - Exit Code: 1
[ROUND 24] azure.com - Exit Code: 1
[ROUND 24] apple.com - Exit Code: 1
[ROUND 24] cloud.microsoft - Exit Code: 1
[ROUND 24] bing.com - Exit Code: 1
[ROUND 24] branch.io - Exit Code: 1
[ROUND 24] casalemedia.com - Exit Code: 1
[ROUND 24] eye4.cn - Exit Code: 1
[ROUND 24] epicgames.com - Exit Code: 1
[ROUND 24] fastly.net - Exit Code: 1
[ROUND 24] live.com - Exit Code: 1
[ROUND 24] mzstatic.com - Exit Code: 1
[ROUND 24] office365.com - Exit Code: 1
[ROUND 24] mozilla.com - Exit Code: 1
[ROUND 24] ipify.org - Exit Code: 1
[ROUND 24] pubmatic.com - Exit Code: 1
[ROUND 24] qq.com - Exit Code: 1
[ROUND 24] scorecardresearch.com - Exit Code: 1
[ROUND 24] rubiconproject.com - Exit Code: 1
[ROUND 24] skype.com - Exit Code: 1
[ROUND 24] mail.ru - Exit Code: 1
[ROUND 24] smartadserver.com - Exit Code: 1
[ROUND 24] sharepoint.com - Exit Code: 1
[ROUND 24] spotify.com - Exit Code: 1
[ROUND 24] roblox.com - Exit Code: 1
[ROUND 24] xiaomi.com - Exit Code: 1
[ROUND 24] yahoo.com - Exit Code: 1
[ROUND 24] windows.com - Exit Code: 1
[ROUND 24] yandex.ru - Exit Code: 1
[ROUND 25] ampproject.org - Exit Code: 1
[ROUND 25] azure.com - Exit Code: 1
[ROUND 25] amazonalexa.com - Exit Code: 1
[ROUND 25] apple.com - Exit Code: 1
[ROUND 25] cloud.microsoft - Exit Code: 1
[ROUND 25] bing.com - Exit Code: 1
[ROUND 25] branch.io - Exit Code: 1
[ROUND 25] casalemedia.com - Exit Code: 1
[ROUND 25] eye4.cn - Exit Code: 1
[ROUND 25] epicgames.com - Exit Code: 1
[ROUND 25] baidu.com - Exit Code: 1
[ROUND 25] fastly.net - Exit Code: 1
[ROUND 25] ipify.org - Exit Code: 1
[ROUND 25] mzstatic.com - Exit Code: 1
[ROUND 25] live.com - Exit Code: 1
[ROUND 25] office365.com - Exit Code: 1
[ROUND 25] mozilla.com - Exit Code: 1
[ROUND 25] pubmatic.com - Exit Code: 1
[ROUND 25] qq.com - Exit Code: 1
[ROUND 25] scorecardresearch.com - Exit Code: 1
[ROUND 25] smartadserver.com - Exit Code: 1
[ROUND 25] rubiconproject.com - Exit Code: 1
[ROUND 25] skype.com - Exit Code: 1
[ROUND 25] mail.ru - Exit Code: 1
[ROUND 25] sharepoint.com - Exit Code: 1
[ROUND 25] spotify.com - Exit Code: 1
[ROUND 25] roblox.com - Exit Code: 1
[ROUND 25] xiaomi.com - Exit Code: 1
[ROUND 25] yandex.ru - Exit Code: 1
[ROUND 25] windows.com - Exit Code: 1
[ROUND 25] yahoo.com - Exit Code: 1
[ROUND 26] ampproject.org - Exit Code: 1
[ROUND 26] amazonalexa.com - Exit Code: 1
[ROUND 26] apple.com - Exit Code: 1
[ROUND 26] azure.com - Exit Code: 1
[ROUND 26] cloud.microsoft - Exit Code: 1
[ROUND 26] bing.com - Exit Code: 1
[ROUND 26] branch.io - Exit Code: 1
[ROUND 26] casalemedia.com - Exit Code: 1
[ROUND 26] epicgames.com - Exit Code: 1
[ROUND 26] eye4.cn - Exit Code: 1
[ROUND 26] fastly.net - Exit Code: 1
[ROUND 26] adobe.io - Exit Code: 137
[ROUND 26] ipify.org - Exit Code: 1
[ROUND 26] mzstatic.com - Exit Code: 1
[ROUND 26] live.com - Exit Code: 1
[ROUND 26] mozilla.com - Exit Code: 1
[ROUND 26] office365.com - Exit Code: 1
[ROUND 26] pubmatic.com - Exit Code: 1
[ROUND 26] qq.com - Exit Code: 1
[ROUND 26] scorecardresearch.com - Exit Code: 1
[ROUND 26] rubiconproject.com - Exit Code: 1
[ROUND 26] skype.com - Exit Code: 1
[ROUND 26] mail.ru - Exit Code: 1
[ROUND 26] sharepoint.com - Exit Code: 1
[ROUND 26] smartadserver.com - Exit Code: 1
[ROUND 26] spotify.com - Exit Code: 1
[ROUND 26] roblox.com - Exit Code: 1
[ROUND 26] xiaomi.com - Exit Code: 1
[ROUND 26] windows.com - Exit Code: 1
[ROUND 26] yahoo.com - Exit Code: 1
[ROUND 26] yandex.ru - Exit Code: 1
[ROUND 27] amazonalexa.com - Exit Code: 1
[ROUND 27] ampproject.org - Exit Code: 1
[ROUND 27] azure.com - Exit Code: 1
[ROUND 27] apple.com - Exit Code: 1
[ROUND 27] cloud.microsoft - Exit Code: 1
[ROUND 27] bing.com - Exit Code: 1
[ROUND 27] branch.io - Exit Code: 1
[ROUND 27] casalemedia.com - Exit Code: 1
[ROUND 27] eye4.cn - Exit Code: 1
[ROUND 27] epicgames.com - Exit Code: 1
[ROUND 27] fastly.net - Exit Code: 1
[ROUND 27] ipify.org - Exit Code: 1
[ROUND 27] live.com - Exit Code: 1
[ROUND 27] mzstatic.com - Exit Code: 1
[ROUND 27] mozilla.com - Exit Code: 1
[ROUND 27] office365.com - Exit Code: 1
[ROUND 27] pubmatic.com - Exit Code: 1
[ROUND 27] qq.com - Exit Code: 1
[ROUND 27] scorecardresearch.com - Exit Code: 1
[ROUND 27] rubiconproject.com - Exit Code: 1
[ROUND 27] skype.com - Exit Code: 1
[ROUND 27] mail.ru - Exit Code: 1
[ROUND 27] sharepoint.com - Exit Code: 1
[ROUND 27] smartadserver.com - Exit Code: 1
[ROUND 27] spotify.com - Exit Code: 1
[ROUND 27] roblox.com - Exit Code: 1
[ROUND 27] xiaomi.com - Exit Code: 1
[ROUND 27] windows.com - Exit Code: 1
[ROUND 27] yahoo.com - Exit Code: 1
[ROUND 28] ampproject.org - Exit Code: 1
[ROUND 28] amazonalexa.com - Exit Code: 1
[ROUND 28] apple.com - Exit Code: 1
[ROUND 28] azure.com - Exit Code: 1
[ROUND 28] cloud.microsoft - Exit Code: 1
[ROUND 28] bing.com - Exit Code: 1
[ROUND 28] branch.io - Exit Code: 1
[ROUND 28] casalemedia.com - Exit Code: 1
[ROUND 28] eye4.cn - Exit Code: 1
[ROUND 28] epicgames.com - Exit Code: 1
[ROUND 28] baidu.com - Exit Code: 1
[ROUND 28] fastly.net - Exit Code: 1
[ROUND 28] ipify.org - Exit Code: 1
[ROUND 28] live.com - Exit Code: 1
[ROUND 28] mzstatic.com - Exit Code: 1
[ROUND 28] mozilla.com - Exit Code: 1
[ROUND 28] office365.com - Exit Code: 1
[ROUND 28] pubmatic.com - Exit Code: 1
[ROUND 28] qq.com - Exit Code: 1
[ROUND 28] scorecardresearch.com - Exit Code: 1
[ROUND 28] smartadserver.com - Exit Code: 1
[ROUND 28] rubiconproject.com - Exit Code: 1
[ROUND 28] skype.com - Exit Code: 1
[ROUND 28] mail.ru - Exit Code: 1
[ROUND 28] sharepoint.com - Exit Code: 1
[ROUND 28] spotify.com - Exit Code: 1
[ROUND 28] roblox.com - Exit Code: 1
[ROUND 28] windows.com - Exit Code: 1
[ROUND 28] xiaomi.com - Exit Code: 1
[ROUND 28] yahoo.com - Exit Code: 1
[ROUND 28] yandex.ru - Exit Code: 1
[ROUND 29] amazonalexa.com - Exit Code: 1
[ROUND 29] ampproject.org - Exit Code: 1
[ROUND 29] azure.com - Exit Code: 1
[ROUND 29] apple.com - Exit Code: 1
[ROUND 29] cloud.microsoft - Exit Code: 1
[ROUND 29] bing.com - Exit Code: 1
[ROUND 29] branch.io - Exit Code: 1
[ROUND 29] casalemedia.com - Exit Code: 1
[ROUND 29] eye4.cn - Exit Code: 1
[ROUND 29] epicgames.com - Exit Code: 1
[ROUND 29] fastly.net - Exit Code: 1
[ROUND 29] ipify.org - Exit Code: 1
[ROUND 29] mozilla.com - Exit Code: 1
[ROUND 29] mzstatic.com - Exit Code: 1
[ROUND 29] live.com - Exit Code: 1
[ROUND 29] office365.com - Exit Code: 1
[ROUND 29] pubmatic.com - Exit Code: 1
[ROUND 29] qq.com - Exit Code: 1
[ROUND 29] scorecardresearch.com - Exit Code: 1
[ROUND 29] mail.ru - Exit Code: 1
[ROUND 29] rubiconproject.com - Exit Code: 1
[ROUND 29] spotify.com - Exit Code: 1
[ROUND 29] skype.com - Exit Code: 1
[ROUND 29] sharepoint.com - Exit Code: 1
[ROUND 29] smartadserver.com - Exit Code: 1
[ROUND 29] roblox.com - Exit Code: 1
[ROUND 29] xiaomi.com - Exit Code: 1
[ROUND 29] yahoo.com - Exit Code: 1
[ROUND 29] yandex.ru - Exit Code: 1
[ROUND 29] windows.com - Exit Code: 1
[ROUND 30] ampproject.org - Exit Code: 1
[ROUND 30] amazonalexa.com - Exit Code: 1
[ROUND 30] apple.com - Exit Code: 1
[ROUND 30] azure.com - Exit Code: 1
[ROUND 30] bing.com - Exit Code: 1
[ROUND 30] branch.io - Exit Code: 1
[ROUND 30] cloud.microsoft - Exit Code: 1
[ROUND 30] casalemedia.com - Exit Code: 1
[ROUND 30] eye4.cn - Exit Code: 1
[ROUND 30] epicgames.com - Exit Code: 1
[ROUND 30] fastly.net - Exit Code: 1
[ROUND 30] ipify.org - Exit Code: 1
[ROUND 30] mzstatic.com - Exit Code: 1
[ROUND 30] live.com - Exit Code: 1
[ROUND 30] mail.ru - Exit Code: 1
[ROUND 30] mozilla.com - Exit Code: 1
[ROUND 30] office365.com - Exit Code: 1
[ROUND 30] pubmatic.com - Exit Code: 1
[ROUND 30] qq.com - Exit Code: 1
[ROUND 30] scorecardresearch.com - Exit Code: 1
[ROUND 30] smartadserver.com - Exit Code: 1
[ROUND 30] rubiconproject.com - Exit Code: 1
[ROUND 30] skype.com - Exit Code: 1
[ROUND 30] sharepoint.com - Exit Code: 1
[ROUND 30] spotify.com - Exit Code: 1
[ROUND 30] xiaomi.com - Exit Code: 1
[ROUND 30] yahoo.com - Exit Code: 1
[ROUND 30] roblox.com - Exit Code: 1
[ROUND 30] windows.com - Exit Code: 1
[ROUND 30] yandex.ru - Exit Code: 1
[ROUND 31] ampproject.org - Exit Code: 1
[ROUND 31] amazonalexa.com - Exit Code: 1
[ROUND 31] apple.com - Exit Code: 1
[ROUND 31] azure.com - Exit Code: 1
[ROUND 31] cloud.microsoft - Exit Code: 1
[ROUND 31] bing.com - Exit Code: 1
[ROUND 31] branch.io - Exit Code: 1
[ROUND 31] casalemedia.com - Exit Code: 1
[ROUND 31] eye4.cn - Exit Code: 1
[ROUND 31] epicgames.com - Exit Code: 1
[ROUND 31] fastly.net - Exit Code: 1
[ROUND 31] live.com - Exit Code: 1
[ROUND 31] mzstatic.com - Exit Code: 1
[ROUND 31] mail.ru - Exit Code: 1
[ROUND 31] ipify.org - Exit Code: 1
[ROUND 31] mozilla.com - Exit Code: 1
[ROUND 31] office365.com - Exit Code: 1
[ROUND 31] pubmatic.com - Exit Code: 1
[ROUND 31] qq.com - Exit Code: 1
[ROUND 31] scorecardresearch.com - Exit Code: 1
[ROUND 31] rubiconproject.com - Exit Code: 1
[ROUND 31] skype.com - Exit Code: 1
[ROUND 31] sharepoint.com - Exit Code: 1
[ROUND 31] smartadserver.com - Exit Code: 1
[ROUND 31] spotify.com - Exit Code: 1
[ROUND 31] roblox.com - Exit Code: 1
[ROUND 31] windows.com - Exit Code: 1
[ROUND 31] xiaomi.com - Exit Code: 1
[ROUND 31] yahoo.com - Exit Code: 1
[ROUND 31] yandex.ru - Exit Code: 1
[ROUND 32] ampproject.org - Exit Code: 1
[ROUND 32] amazonalexa.com - Exit Code: 1
[ROUND 32] apple.com - Exit Code: 1
[ROUND 32] azure.com - Exit Code: 1
[ROUND 32] cloud.microsoft - Exit Code: 1
[ROUND 32] bing.com - Exit Code: 1
[ROUND 32] branch.io - Exit Code: 1
[ROUND 32] casalemedia.com - Exit Code: 1
[ROUND 32] epicgames.com - Exit Code: 1
[ROUND 32] eye4.cn - Exit Code: 1
[ROUND 32] fastly.net - Exit Code: 1
[ROUND 32] ipify.org - Exit Code: 1
[ROUND 32] live.com - Exit Code: 1
[ROUND 32] mzstatic.com - Exit Code: 1
[ROUND 32] mozilla.com - Exit Code: 1
[ROUND 32] office365.com - Exit Code: 1
[ROUND 32] pubmatic.com - Exit Code: 1
[ROUND 32] qq.com - Exit Code: 1
[ROUND 32] mail.ru - Exit Code: 1
[ROUND 32] scorecardresearch.com - Exit Code: 1
[ROUND 32] skype.com - Exit Code: 1
[ROUND 32] rubiconproject.com - Exit Code: 1
[ROUND 32] sharepoint.com - Exit Code: 1
[ROUND 32] smartadserver.com - Exit Code: 1
[ROUND 32] spotify.com - Exit Code: 1
[ROUND 32] yahoo.com - Exit Code: 1
[ROUND 32] roblox.com - Exit Code: 1
[ROUND 32] yandex.ru - Exit Code: 1
[ROUND 32] windows.com - Exit Code: 1
[ROUND 32] xiaomi.com - Exit Code: 1
[ROUND 33] amazonalexa.com - Exit Code: 1
[ROUND 33] ampproject.org - Exit Code: 1
[ROUND 33] azure.com - Exit Code: 1
[ROUND 33] branch.io - Exit Code: 1
[ROUND 33] apple.com - Exit Code: 1
[ROUND 33] cloud.microsoft - Exit Code: 1
[ROUND 33] bing.com - Exit Code: 1
[ROUND 33] casalemedia.com - Exit Code: 1
[ROUND 33] eye4.cn - Exit Code: 1
[ROUND 33] epicgames.com - Exit Code: 1
[ROUND 33] fastly.net - Exit Code: 1
[ROUND 33] ipify.org - Exit Code: 1
[ROUND 33] live.com - Exit Code: 1
[ROUND 33] mzstatic.com - Exit Code: 1
[ROUND 33] mozilla.com - Exit Code: 1
[ROUND 33] office365.com - Exit Code: 1
[ROUND 33] pubmatic.com - Exit Code: 1
[ROUND 33] qq.com - Exit Code: 1
[ROUND 33] mail.ru - Exit Code: 1
[ROUND 33] scorecardresearch.com - Exit Code: 1
[ROUND 33] spotify.com - Exit Code: 1
[ROUND 33] skype.com - Exit Code: 1
[ROUND 33] rubiconproject.com - Exit Code: 1
[ROUND 33] sharepoint.com - Exit Code: 1
[ROUND 33] smartadserver.com - Exit Code: 1
[ROUND 33] roblox.com - Exit Code: 1
[ROUND 33] windows.com - Exit Code: 1
[ROUND 33] yahoo.com - Exit Code: 1
[ROUND 33] xiaomi.com - Exit Code: 1
[ROUND 33] yandex.ru - Exit Code: 1
[ROUND 34] ampproject.org - Exit Code: 1
[ROUND 34] amazonalexa.com - Exit Code: 1
[ROUND 34] azure.com - Exit Code: 1
[ROUND 34] apple.com - Exit Code: 1
[ROUND 34] branch.io - Exit Code: 1
[ROUND 34] cloud.microsoft - Exit Code: 1
[ROUND 34] bing.com - Exit Code: 1
[ROUND 34] eye4.cn - Exit Code: 1
[ROUND 34] epicgames.com - Exit Code: 1
[ROUND 34] fastly.net - Exit Code: 1
[ROUND 34] casalemedia.com - Exit Code: 1
[ROUND 34] ipify.org - Exit Code: 1
[ROUND 34] live.com - Exit Code: 1
[ROUND 34] mzstatic.com - Exit Code: 1
[ROUND 34] office365.com - Exit Code: 1
[ROUND 34] mozilla.com - Exit Code: 1
[ROUND 34] pubmatic.com - Exit Code: 1
[ROUND 34] qq.com - Exit Code: 1
[ROUND 34] mail.ru - Exit Code: 1
[ROUND 34] scorecardresearch.com - Exit Code: 1
[ROUND 34] rubiconproject.com - Exit Code: 1
[ROUND 34] skype.com - Exit Code: 1
[ROUND 34] sharepoint.com - Exit Code: 1
[ROUND 34] smartadserver.com - Exit Code: 1
[ROUND 34] spotify.com - Exit Code: 1
[ROUND 34] roblox.com - Exit Code: 1
[ROUND 34] xiaomi.com - Exit Code: 1
[ROUND 34] windows.com - Exit Code: 1
[ROUND 34] yahoo.com - Exit Code: 1
[ROUND 34] yandex.ru - Exit Code: 1
[ROUND 35] ampproject.org - Exit Code: 1
[ROUND 35] amazonalexa.com - Exit Code: 1
[ROUND 35] azure.com - Exit Code: 1
[ROUND 35] apple.com - Exit Code: 1
[ROUND 35] cloud.microsoft - Exit Code: 1
[ROUND 35] bing.com - Exit Code: 1
[ROUND 35] branch.io - Exit Code: 1
[ROUND 35] casalemedia.com - Exit Code: 1
[ROUND 35] eye4.cn - Exit Code: 1
[ROUND 35] epicgames.com - Exit Code: 1
[ROUND 35] fastly.net - Exit Code: 1
[ROUND 35] live.com - Exit Code: 1
[ROUND 35] ipify.org - Exit Code: 1
[ROUND 35] mzstatic.com - Exit Code: 1
[ROUND 35] mozilla.com - Exit Code: 1
[ROUND 35] office365.com - Exit Code: 1
[ROUND 35] pubmatic.com - Exit Code: 1
[ROUND 35] qq.com - Exit Code: 1
[ROUND 35] mail.ru - Exit Code: 1
[ROUND 35] scorecardresearch.com - Exit Code: 1
[ROUND 35] rubiconproject.com - Exit Code: 1
[ROUND 35] skype.com - Exit Code: 1
[ROUND 35] sharepoint.com - Exit Code: 1
[ROUND 35] smartadserver.com - Exit Code: 1
[ROUND 35] spotify.com - Exit Code: 1
[ROUND 35] roblox.com - Exit Code: 1
[ROUND 35] yahoo.com - Exit Code: 1
[ROUND 35] xiaomi.com - Exit Code: 1
[ROUND 35] windows.com - Exit Code: 1
[ROUND 36] ampproject.org - Exit Code: 1
[ROUND 36] amazonalexa.com - Exit Code: 1
[ROUND 36] apple.com - Exit Code: 1
[ROUND 36] azure.com - Exit Code: 1
[ROUND 36] cloud.microsoft - Exit Code: 1
[ROUND 36] bing.com - Exit Code: 1
[ROUND 36] branch.io - Exit Code: 1
[ROUND 36] epicgames.com - Exit Code: 1
[ROUND 36] eye4.cn - Exit Code: 1
[ROUND 36] casalemedia.com - Exit Code: 1
[ROUND 36] fastly.net - Exit Code: 1
[ROUND 36] ipify.org - Exit Code: 1
[ROUND 36] mzstatic.com - Exit Code: 1
[ROUND 36] live.com - Exit Code: 1
[ROUND 36] office365.com - Exit Code: 1
[ROUND 36] mozilla.com - Exit Code: 1
[ROUND 36] pubmatic.com - Exit Code: 1
[ROUND 36] mail.ru - Exit Code: 1
[ROUND 36] scorecardresearch.com - Exit Code: 1
[ROUND 36] qq.com - Exit Code: 1
[ROUND 36] smartadserver.com - Exit Code: 1
[ROUND 36] rubiconproject.com - Exit Code: 1
[ROUND 36] skype.com - Exit Code: 1
[ROUND 36] sharepoint.com - Exit Code: 1
[ROUND 36] spotify.com - Exit Code: 1
[ROUND 36] xiaomi.com - Exit Code: 1
[ROUND 36] yahoo.com - Exit Code: 1
[ROUND 36] roblox.com - Exit Code: 1
[ROUND 36] windows.com - Exit Code: 1
[ROUND 36] yandex.ru - Exit Code: 1
[ROUND 37] ampproject.org - Exit Code: 1
[ROUND 37] amazonalexa.com - Exit Code: 1
[ROUND 37] azure.com - Exit Code: 1
[ROUND 37] apple.com - Exit Code: 1
[ROUND 37] cloud.microsoft - Exit Code: 1
[ROUND 37] bing.com - Exit Code: 1
[ROUND 37] branch.io - Exit Code: 1
[ROUND 37] casalemedia.com - Exit Code: 1
[ROUND 37] eye4.cn - Exit Code: 1
[ROUND 37] epicgames.com - Exit Code: 1
[ROUND 37] fastly.net - Exit Code: 1
[ROUND 37] ipify.org - Exit Code: 1
[ROUND 37] mzstatic.com - Exit Code: 1
[ROUND 37] live.com - Exit Code: 1
[ROUND 37] mozilla.com - Exit Code: 1
[ROUND 37] office365.com - Exit Code: 1
[ROUND 37] pubmatic.com - Exit Code: 1
[ROUND 37] mail.ru - Exit Code: 1
[ROUND 37] qq.com - Exit Code: 1
[ROUND 37] scorecardresearch.com - Exit Code: 1
[ROUND 37] rubiconproject.com - Exit Code: 1
[ROUND 37] skype.com - Exit Code: 1
[ROUND 37] sharepoint.com - Exit Code: 1
[ROUND 37] smartadserver.com - Exit Code: 1
[ROUND 37] spotify.com - Exit Code: 1
[ROUND 37] roblox.com - Exit Code: 1
[ROUND 37] windows.com - Exit Code: 1
[ROUND 37] xiaomi.com - Exit Code: 1
[ROUND 37] yahoo.com - Exit Code: 1
[ROUND 38] ampproject.org - Exit Code: 1
[ROUND 38] amazonalexa.com - Exit Code: 1
[ROUND 38] azure.com - Exit Code: 1
[ROUND 38] apple.com - Exit Code: 1
[ROUND 38] cloud.microsoft - Exit Code: 1
[ROUND 38] bing.com - Exit Code: 1
[ROUND 38] branch.io - Exit Code: 1
[ROUND 38] casalemedia.com - Exit Code: 1
[ROUND 38] eye4.cn - Exit Code: 1
[ROUND 38] epicgames.com - Exit Code: 1
[ROUND 38] fastly.net - Exit Code: 1
[ROUND 38] ipify.org - Exit Code: 1
[ROUND 38] live.com - Exit Code: 1
[ROUND 38] mzstatic.com - Exit Code: 1
[ROUND 38] office365.com - Exit Code: 1
[ROUND 38] mozilla.com - Exit Code: 1
[ROUND 38] pubmatic.com - Exit Code: 1
[ROUND 38] qq.com - Exit Code: 1
[ROUND 38] mail.ru - Exit Code: 1
[ROUND 38] scorecardresearch.com - Exit Code: 1
[ROUND 38] skype.com - Exit Code: 1
[ROUND 38] rubiconproject.com - Exit Code: 1
[ROUND 38] spotify.com - Exit Code: 1
[ROUND 38] sharepoint.com - Exit Code: 1
[ROUND 38] smartadserver.com - Exit Code: 1
[ROUND 38] roblox.com - Exit Code: 1
[ROUND 38] xiaomi.com - Exit Code: 1
[ROUND 38] yahoo.com - Exit Code: 1
[ROUND 38] windows.com - Exit Code: 1
[ROUND 38] yandex.ru - Exit Code: 1
[ROUND 39] ampproject.org - Exit Code: 1
[ROUND 39] amazonalexa.com - Exit Code: 1
[ROUND 39] apple.com - Exit Code: 1
[ROUND 39] azure.com - Exit Code: 1
[ROUND 39] cloud.microsoft - Exit Code: 1
[ROUND 39] bing.com - Exit Code: 1
[ROUND 39] branch.io - Exit Code: 1
[ROUND 39] casalemedia.com - Exit Code: 1
[ROUND 39] eye4.cn - Exit Code: 1
[ROUND 39] epicgames.com - Exit Code: 1
[ROUND 39] fastly.net - Exit Code: 1
[ROUND 39] ipify.org - Exit Code: 1
[ROUND 39] mzstatic.com - Exit Code: 1
[ROUND 39] live.com - Exit Code: 1
[ROUND 39] office365.com - Exit Code: 1
[ROUND 39] mozilla.com - Exit Code: 1
[ROUND 39] pubmatic.com - Exit Code: 1
[ROUND 39] qq.com - Exit Code: 1
[ROUND 39] mail.ru - Exit Code: 1
[ROUND 39] scorecardresearch.com - Exit Code: 1
[ROUND 39] smartadserver.com - Exit Code: 1
[ROUND 39] skype.com - Exit Code: 1
[ROUND 39] rubiconproject.com - Exit Code: 1
[ROUND 39] sharepoint.com - Exit Code: 1
[ROUND 39] spotify.com - Exit Code: 1
[ROUND 39] xiaomi.com - Exit Code: 1
[ROUND 39] roblox.com - Exit Code: 1
[ROUND 39] windows.com - Exit Code: 1
[ROUND 39] yahoo.com - Exit Code: 1
[ROUND 39] yandex.ru - Exit Code: 1
[ROUND 39] twitter.com - Exit Code: 137
[ROUND 40] ampproject.org - Exit Code: 1
[ROUND 40] amazonalexa.com - Exit Code: 1
[ROUND 40] apple.com - Exit Code: 1
[ROUND 40] branch.io - Exit Code: 1
[ROUND 40] azure.com - Exit Code: 1
[ROUND 40] cloud.microsoft - Exit Code: 1
[ROUND 40] bing.com - Exit Code: 1
[ROUND 40] casalemedia.com - Exit Code: 1
[ROUND 40] eye4.cn - Exit Code: 1
[ROUND 40] epicgames.com - Exit Code: 1
[ROUND 40] fastly.net - Exit Code: 1
[ROUND 40] ipify.org - Exit Code: 1
[ROUND 40] live.com - Exit Code: 1
[ROUND 40] mzstatic.com - Exit Code: 1
[ROUND 40] mozilla.com - Exit Code: 1
[ROUND 40] office365.com - Exit Code: 1
[ROUND 40] pubmatic.com - Exit Code: 1
[ROUND 40] mail.ru - Exit Code: 1
[ROUND 40] qq.com - Exit Code: 1
[ROUND 40] scorecardresearch.com - Exit Code: 1
[ROUND 40] smartadserver.com - Exit Code: 1
[ROUND 40] rubiconproject.com - Exit Code: 1
[ROUND 40] skype.com - Exit Code: 1
[ROUND 40] sharepoint.com - Exit Code: 1
[ROUND 40] spotify.com - Exit Code: 1
[ROUND 40] roblox.com - Exit Code: 1
[ROUND 40] xiaomi.com - Exit Code: 1
[ROUND 40] windows.com - Exit Code: 1
[ROUND 40] yahoo.com - Exit Code: 1
[ROUND 40] yandex.ru - Exit Code: 1
[ROUND 41] ampproject.org - Exit Code: 1
[ROUND 41] amazonalexa.com - Exit Code: 1
[ROUND 41] apple.com - Exit Code: 1
[ROUND 41] azure.com - Exit Code: 1
[ROUND 41] cloud.microsoft - Exit Code: 1
[ROUND 41] bing.com - Exit Code: 1
[ROUND 41] branch.io - Exit Code: 1
[ROUND 41] casalemedia.com - Exit Code: 1
[ROUND 41] eye4.cn - Exit Code: 1
[ROUND 41] epicgames.com - Exit Code: 1
[ROUND 41] fastly.net - Exit Code: 1
[ROUND 41] ipify.org - Exit Code: 1
[ROUND 41] mozilla.com - Exit Code: 1
[ROUND 41] mzstatic.com - Exit Code: 1
[ROUND 41] live.com - Exit Code: 1
[ROUND 41] office365.com - Exit Code: 1
[ROUND 41] pubmatic.com - Exit Code: 1
[ROUND 41] qq.com - Exit Code: 1
[ROUND 41] mail.ru - Exit Code: 1
[ROUND 41] scorecardresearch.com - Exit Code: 1
[ROUND 41] rubiconproject.com - Exit Code: 1
[ROUND 41] skype.com - Exit Code: 1
[ROUND 41] sharepoint.com - Exit Code: 1
[ROUND 41] smartadserver.com - Exit Code: 1
[ROUND 41] spotify.com - Exit Code: 1
[ROUND 41] roblox.com - Exit Code: 1
[ROUND 41] yahoo.com - Exit Code: 1
[ROUND 41] xiaomi.com - Exit Code: 1
[ROUND 41] windows.com - Exit Code: 1
[ROUND 41] yandex.ru - Exit Code: 1
[ROUND 42] amazonalexa.com - Exit Code: 1
[ROUND 42] ampproject.org - Exit Code: 1
[ROUND 42] azure.com - Exit Code: 1
[ROUND 42] apple.com - Exit Code: 1
[ROUND 42] cloud.microsoft - Exit Code: 1
[ROUND 42] bing.com - Exit Code: 1
[ROUND 42] branch.io - Exit Code: 1
[ROUND 42] casalemedia.com - Exit Code: 1
[ROUND 42] eye4.cn - Exit Code: 1
[ROUND 42] epicgames.com - Exit Code: 1
[ROUND 42] fastly.net - Exit Code: 1
[ROUND 42] ipify.org - Exit Code: 1
[ROUND 42] live.com - Exit Code: 1
[ROUND 42] mzstatic.com - Exit Code: 1
[ROUND 42] office365.com - Exit Code: 1
[ROUND 42] mail.ru - Exit Code: 1
[ROUND 42] pubmatic.com - Exit Code: 1
[ROUND 42] qq.com - Exit Code: 1
[ROUND 42] mozilla.com - Exit Code: 1
[ROUND 42] scorecardresearch.com - Exit Code: 1
[ROUND 42] rubiconproject.com - Exit Code: 1
[ROUND 42] skype.com - Exit Code: 1
[ROUND 42] sharepoint.com - Exit Code: 1
[ROUND 42] smartadserver.com - Exit Code: 1
[ROUND 42] spotify.com - Exit Code: 1
[ROUND 42] roblox.com - Exit Code: 1
[ROUND 42] xiaomi.com - Exit Code: 1
[ROUND 42] windows.com - Exit Code: 1
[ROUND 42] yahoo.com - Exit Code: 1
[ROUND 42] yandex.ru - Exit Code: 1
[ROUND 43] apple.com - Exit Code: 1
[ROUND 43] ampproject.org - Exit Code: 1
[ROUND 43] azure.com - Exit Code: 1
[ROUND 43] amazonalexa.com - Exit Code: 1
[ROUND 43] branch.io - Exit Code: 1
[ROUND 43] cloud.microsoft - Exit Code: 1
[ROUND 43] bing.com - Exit Code: 1
[ROUND 43] epicgames.com - Exit Code: 1
[ROUND 43] casalemedia.com - Exit Code: 1
[ROUND 43] eye4.cn - Exit Code: 1
[ROUND 43] fastly.net - Exit Code: 1
[ROUND 43] ipify.org - Exit Code: 1
[ROUND 43] mzstatic.com - Exit Code: 1
[ROUND 43] live.com - Exit Code: 1
[ROUND 43] mozilla.com - Exit Code: 1
[ROUND 43] office365.com - Exit Code: 1
[ROUND 43] pubmatic.com - Exit Code: 1
[ROUND 43] qq.com - Exit Code: 1
[ROUND 43] mail.ru - Exit Code: 1
[ROUND 43] scorecardresearch.com - Exit Code: 1
[ROUND 43] rubiconproject.com - Exit Code: 1
[ROUND 43] skype.com - Exit Code: 1
[ROUND 43] sharepoint.com - Exit Code: 1
[ROUND 43] smartadserver.com - Exit Code: 1
[ROUND 43] spotify.com - Exit Code: 1
[ROUND 43] xiaomi.com - Exit Code: 1
[ROUND 43] roblox.com - Exit Code: 1
[ROUND 43] windows.com - Exit Code: 1
[ROUND 43] yahoo.com - Exit Code: 1
[ROUND 44] ampproject.org - Exit Code: 1
[ROUND 44] amazonalexa.com - Exit Code: 1
[ROUND 44] apple.com - Exit Code: 1
[ROUND 44] azure.com - Exit Code: 1
[ROUND 44] cloud.microsoft - Exit Code: 1
[ROUND 44] bing.com - Exit Code: 1
[ROUND 44] branch.io - Exit Code: 1
[ROUND 44] casalemedia.com - Exit Code: 1
[ROUND 44] eye4.cn - Exit Code: 1
[ROUND 44] epicgames.com - Exit Code: 1
[ROUND 44] fastly.net - Exit Code: 1
[ROUND 44] ipify.org - Exit Code: 1
[ROUND 44] live.com - Exit Code: 1
[ROUND 44] mzstatic.com - Exit Code: 1
[ROUND 44] office365.com - Exit Code: 1
[ROUND 44] mozilla.com - Exit Code: 1
[ROUND 44] pubmatic.com - Exit Code: 1
[ROUND 44] qq.com - Exit Code: 1
[ROUND 44] scorecardresearch.com - Exit Code: 1
[ROUND 44] mail.ru - Exit Code: 1
[ROUND 44] rubiconproject.com - Exit Code: 1
[ROUND 44] smartadserver.com - Exit Code: 1
[ROUND 44] spotify.com - Exit Code: 1
[ROUND 44] skype.com - Exit Code: 1
[ROUND 44] sharepoint.com - Exit Code: 1
[ROUND 44] roblox.com - Exit Code: 1
[ROUND 44] xiaomi.com - Exit Code: 1
[ROUND 44] windows.com - Exit Code: 1
[ROUND 44] yahoo.com - Exit Code: 1
[ROUND 44] yandex.ru - Exit Code: 1
[ROUND 45] ampproject.org - Exit Code: 1
[ROUND 45] azure.com - Exit Code: 1
[ROUND 45] amazonalexa.com - Exit Code: 1
[ROUND 45] apple.com - Exit Code: 1
[ROUND 45] cloud.microsoft - Exit Code: 1
[ROUND 45] bing.com - Exit Code: 1
[ROUND 45] branch.io - Exit Code: 1
[ROUND 45] amazon.com - Exit Code: 1
[ROUND 45] casalemedia.com - Exit Code: 1
[ROUND 45] eye4.cn - Exit Code: 1
[ROUND 45] epicgames.com - Exit Code: 1
[ROUND 45] fastly.net - Exit Code: 1
[ROUND 45] ipify.org - Exit Code: 1
[ROUND 45] live.com - Exit Code: 1
[ROUND 45] mzstatic.com - Exit Code: 1
[ROUND 45] mozilla.com - Exit Code: 1
[ROUND 45] office365.com - Exit Code: 1
[ROUND 45] pubmatic.com - Exit Code: 1
[ROUND 45] qq.com - Exit Code: 1
[ROUND 45] mail.ru - Exit Code: 1
[ROUND 45] scorecardresearch.com - Exit Code: 1
[ROUND 45] rubiconproject.com - Exit Code: 1
[ROUND 45] skype.com - Exit Code: 1
[ROUND 45] sharepoint.com - Exit Code: 1
[ROUND 45] smartadserver.com - Exit Code: 1
[ROUND 45] spotify.com - Exit Code: 1
[ROUND 45] roblox.com - Exit Code: 1
[ROUND 45] xiaomi.com - Exit Code: 1
[ROUND 45] windows.com - Exit Code: 1
[ROUND 45] yahoo.com - Exit Code: 1
[ROUND 45] yandex.ru - Exit Code: 1
[ROUND 46] amazonalexa.com - Exit Code: 1
[ROUND 46] ampproject.org - Exit Code: 1
[ROUND 46] azure.com - Exit Code: 1
[ROUND 46] apple.com - Exit Code: 1
[ROUND 46] cloud.microsoft - Exit Code: 1
[ROUND 46] bing.com - Exit Code: 1
[ROUND 46] branch.io - Exit Code: 1
[ROUND 46] casalemedia.com - Exit Code: 1
[ROUND 46] eye4.cn - Exit Code: 1
[ROUND 46] epicgames.com - Exit Code: 1
[ROUND 46] fastly.net - Exit Code: 1
[ROUND 46] ipify.org - Exit Code: 1
[ROUND 46] mozilla.com - Exit Code: 1
[ROUND 46] mzstatic.com - Exit Code: 1
[ROUND 46] live.com - Exit Code: 1
[ROUND 46] mail.ru - Exit Code: 1
[ROUND 46] office365.com - Exit Code: 1
[ROUND 46] pubmatic.com - Exit Code: 1
[ROUND 46] scorecardresearch.com - Exit Code: 1
[ROUND 46] qq.com - Exit Code: 1
[ROUND 46] rubiconproject.com - Exit Code: 1
[ROUND 46] skype.com - Exit Code: 1
[ROUND 46] sharepoint.com - Exit Code: 1
[ROUND 46] smartadserver.com - Exit Code: 1
[ROUND 46] spotify.com - Exit Code: 1
[ROUND 46] xiaomi.com - Exit Code: 1
[ROUND 46] roblox.com - Exit Code: 1
[ROUND 46] yahoo.com - Exit Code: 1
[ROUND 46] windows.com - Exit Code: 1
[ROUND 46] yandex.ru - Exit Code: 1
[ROUND 47] ampproject.org - Exit Code: 1
[ROUND 47] amazonalexa.com - Exit Code: 1
[ROUND 47] azure.com - Exit Code: 1
[ROUND 47] apple.com - Exit Code: 1
[ROUND 47] cloud.microsoft - Exit Code: 1
[ROUND 47] bing.com - Exit Code: 1
[ROUND 47] branch.io - Exit Code: 1
[ROUND 47] casalemedia.com - Exit Code: 1
[ROUND 47] eye4.cn - Exit Code: 1
[ROUND 47] epicgames.com - Exit Code: 1
[ROUND 47] fastly.net - Exit Code: 1
[ROUND 47] ipify.org - Exit Code: 1
[ROUND 47] mzstatic.com - Exit Code: 1
[ROUND 47] live.com - Exit Code: 1
[ROUND 47] mail.ru - Exit Code: 1
[ROUND 47] mozilla.com - Exit Code: 1
[ROUND 47] office365.com - Exit Code: 1
[ROUND 47] pubmatic.com - Exit Code: 1
[ROUND 47] qq.com - Exit Code: 1
[ROUND 47] scorecardresearch.com - Exit Code: 1
[ROUND 47] rubiconproject.com - Exit Code: 1
[ROUND 47] skype.com - Exit Code: 1
[ROUND 47] sharepoint.com - Exit Code: 1
[ROUND 47] smartadserver.com - Exit Code: 1
[ROUND 47] spotify.com - Exit Code: 1
[ROUND 47] roblox.com - Exit Code: 1
[ROUND 47] windows.com - Exit Code: 1
[ROUND 47] yahoo.com - Exit Code: 1
[ROUND 47] yandex.ru - Exit Code: 1
[ROUND 47] xiaomi.com - Exit Code: 1
[ROUND 48] ampproject.org - Exit Code: 1
[ROUND 48] amazonalexa.com - Exit Code: 1
[ROUND 48] apple.com - Exit Code: 1
[ROUND 48] azure.com - Exit Code: 1
[ROUND 48] cloud.microsoft - Exit Code: 1
[ROUND 48] bing.com - Exit Code: 1
[ROUND 48] branch.io - Exit Code: 1
[ROUND 48] casalemedia.com - Exit Code: 1
[ROUND 48] eye4.cn - Exit Code: 1
[ROUND 48] epicgames.com - Exit Code: 1
[ROUND 48] fastly.net - Exit Code: 1
[ROUND 48] ipify.org - Exit Code: 1
[ROUND 48] mzstatic.com - Exit Code: 1
[ROUND 48] live.com - Exit Code: 1
[ROUND 48] mozilla.com - Exit Code: 1
[ROUND 48] office365.com - Exit Code: 1
[ROUND 48] mail.ru - Exit Code: 1
[ROUND 48] pubmatic.com - Exit Code: 1
[ROUND 48] qq.com - Exit Code: 1
[ROUND 48] scorecardresearch.com - Exit Code: 1
[ROUND 48] skype.com - Exit Code: 1
[ROUND 48] rubiconproject.com - Exit Code: 1
[ROUND 48] sharepoint.com - Exit Code: 1
[ROUND 48] smartadserver.com - Exit Code: 1
[ROUND 48] spotify.com - Exit Code: 1
[ROUND 48] xiaomi.com - Exit Code: 1
[ROUND 48] roblox.com - Exit Code: 1
[ROUND 48] windows.com - Exit Code: 1
[ROUND 48] yahoo.com - Exit Code: 1
[ROUND 48] yandex.ru - Exit Code: 1
[ROUND 49] ampproject.org - Exit Code: 1
[ROUND 49] amazonalexa.com - Exit Code: 1
[ROUND 49] azure.com - Exit Code: 1
[ROUND 49] apple.com - Exit Code: 1
[ROUND 49] branch.io - Exit Code: 1
[ROUND 49] cloud.microsoft - Exit Code: 1
[ROUND 49] bing.com - Exit Code: 1
[ROUND 49] casalemedia.com - Exit Code: 1
[ROUND 49] eye4.cn - Exit Code: 1
[ROUND 49] epicgames.com - Exit Code: 1
[ROUND 49] fastly.net - Exit Code: 1
[ROUND 49] ipify.org - Exit Code: 1
[ROUND 49] mozilla.com - Exit Code: 1
[ROUND 49] live.com - Exit Code: 1
[ROUND 49] mzstatic.com - Exit Code: 1
[ROUND 49] mail.ru - Exit Code: 1
[ROUND 49] office365.com - Exit Code: 1
[ROUND 49] pubmatic.com - Exit Code: 1
[ROUND 49] qq.com - Exit Code: 1
[ROUND 49] scorecardresearch.com - Exit Code: 1
[ROUND 49] smartadserver.com - Exit Code: 1
[ROUND 49] rubiconproject.com - Exit Code: 1
[ROUND 49] skype.com - Exit Code: 1
[ROUND 49] sharepoint.com - Exit Code: 1
[ROUND 49] spotify.com - Exit Code: 1
[ROUND 49] xiaomi.com - Exit Code: 1
[ROUND 49] yahoo.com - Exit Code: 1
[ROUND 49] roblox.com - Exit Code: 1
[ROUND 49] windows.com - Exit Code: 1
[ROUND 49] yandex.ru - Exit Code: 1
[ROUND 50] ampproject.org - Exit Code: 1
[ROUND 50] amazonalexa.com - Exit Code: 1
[ROUND 50] azure.com - Exit Code: 1
[ROUND 50] apple.com - Exit Code: 1
[ROUND 50] cloud.microsoft - Exit Code: 1
[ROUND 50] bing.com - Exit Code: 1
[ROUND 50] branch.io - Exit Code: 1
[ROUND 50] casalemedia.com - Exit Code: 1
[ROUND 50] eye4.cn - Exit Code: 1
[ROUND 50] epicgames.com - Exit Code: 1
[ROUND 50] fastly.net - Exit Code: 1
[ROUND 50] ipify.org - Exit Code: 1
[ROUND 50] mzstatic.com - Exit Code: 1
[ROUND 50] live.com - Exit Code: 1
[ROUND 50] mail.ru - Exit Code: 1
[ROUND 50] mozilla.com - Exit Code: 1
[ROUND 50] office365.com - Exit Code: 1
[ROUND 50] pubmatic.com - Exit Code: 1
[ROUND 50] qq.com - Exit Code: 1
[ROUND 50] scorecardresearch.com - Exit Code: 1
[ROUND 50] rubiconproject.com - Exit Code: 1
[ROUND 50] skype.com - Exit Code: 1
[ROUND 50] sharepoint.com - Exit Code: 1
[ROUND 50] smartadserver.com - Exit Code: 1
[ROUND 50] spotify.com - Exit Code: 1
[ROUND 50] roblox.com - Exit Code: 1
[ROUND 50] xiaomi.com - Exit Code: 1
[ROUND 50] yahoo.com - Exit Code: 1
[ROUND 50] windows.com - Exit Code: 1
